<?xml version="1.0" encoding="UTF-8"?>
<!-- Generated by org.testng.reporters.JUnitXMLReporter -->
<testsuite hostname="karishmas-MacBook-Air.local" failures="0" tests="2" name="Command line test fb25778c-c578-4c70-b0ac-76fa4f6f0922" time="49.862" errors="0" timestamp="23 Dec 2020 18:18:18 GMT">
  <testcase classname="Testscript.TC20" name="signinparent_leaveusernameblank_leaveblankpassword" time="10.316"/>
  <testcase classname="Testscript.TC21" name="signinparent_leave_username_blank" time="15.457"/>
</testsuite> <!-- Command line test fb25778c-c578-4c70-b0ac-76fa4f6f0922 -->
