<?xml version="1.0" encoding="UTF-8"?>
<!-- Generated by org.testng.reporters.JUnitXMLReporter -->
<testsuite hostname="karishmas-MacBook-Air.local" failures="0" tests="2" name="Command line test 72140a7a-a539-4e73-888a-0fb569ba13b2" time="77.044" errors="0" timestamp="19 Dec 2020 08:54:28 GMT">
  <testcase classname="Testscript.TC7" name="forgotpassword_parent" time="25.746"/>
  <testcase classname="Testscript.TC8" name="forgotpassword_tutor" time="25.669"/>
</testsuite> <!-- Command line test 72140a7a-a539-4e73-888a-0fb569ba13b2 -->
