<?xml version="1.0" encoding="UTF-8"?>
<!-- Generated by org.testng.reporters.JUnitXMLReporter -->
<testsuite hostname="karishmas-MacBook-Air.local" failures="0" tests="22" name="Command line test 6510d1fe-7068-4e64-855e-07f89e38cca4" time="0.142" errors="0" timestamp="16 Mar 2021 09:57:56 GMT">
  <testcase classname="Testscript.TC1" name="@BeforeMethod browserlaunch" time="0.0">
    <failure type="java.lang.IllegalStateException" message="The driver is not executable: /Users/karishma/git/newsylvan/Newsylvan/../Newsylvan/chromedriver">
      <![CDATA[java.lang.IllegalStateException: The driver is not executable: /Users/karishma/git/newsylvan/Newsylvan/../Newsylvan/chromedriver
	at com.google.common.base.Preconditions.checkState(Preconditions.java:585)
	at org.openqa.selenium.remote.service.DriverService.checkExecutable(DriverService.java:150)
	at org.openqa.selenium.remote.service.DriverService.findExecutable(DriverService.java:141)
	at org.openqa.selenium.chrome.ChromeDriverService.access$000(ChromeDriverService.java:35)
	at org.openqa.selenium.chrome.ChromeDriverService$Builder.findDefaultExecutable(ChromeDriverService.java:159)
	at org.openqa.selenium.remote.service.DriverService$Builder.build(DriverService.java:355)
	at org.openqa.selenium.chrome.ChromeDriverService.createDefaultService(ChromeDriverService.java:94)
	at org.openqa.selenium.chrome.ChromeDriver.<init>(ChromeDriver.java:157)
	at Base.baseclassone.browserlaunch(baseclassone.java:20)
	at Runner.triggerclass.main(triggerclass.java:69)
... Removed 23 stack frames]]>
    </failure>
  </testcase> <!-- @BeforeMethod browserlaunch -->
  <testcase classname="Testscript.TC1" name="@AfterMethod close" time="0.0">
    <skipped/>
  </testcase> <!-- @AfterMethod close -->
  <testcase classname="Testscript.TC2" name="@BeforeMethod browserlaunch" time="0.0">
    <skipped/>
  </testcase> <!-- @BeforeMethod browserlaunch -->
  <testcase classname="Testscript.TC2" name="@AfterMethod close" time="0.0">
    <skipped/>
  </testcase> <!-- @AfterMethod close -->
  <testcase classname="Testscript.TC3" name="@BeforeMethod browserlaunch" time="0.0">
    <skipped/>
  </testcase> <!-- @BeforeMethod browserlaunch -->
  <testcase classname="Testscript.TC3" name="@AfterMethod close" time="0.0">
    <skipped/>
  </testcase> <!-- @AfterMethod close -->
  <testcase classname="Testscript.TC4" name="@BeforeMethod browserlaunch" time="0.0">
    <skipped/>
  </testcase> <!-- @BeforeMethod browserlaunch -->
  <testcase classname="Testscript.TC4" name="@AfterMethod close" time="0.0">
    <skipped/>
  </testcase> <!-- @AfterMethod close -->
  <testcase classname="Testscript.TC5" name="@BeforeMethod browserlaunch" time="0.0">
    <skipped/>
  </testcase> <!-- @BeforeMethod browserlaunch -->
  <testcase classname="Testscript.TC5" name="@AfterMethod close" time="0.0">
    <skipped/>
  </testcase> <!-- @AfterMethod close -->
  <testcase classname="Testscript.TC6" name="@BeforeMethod browserlaunch" time="0.0">
    <skipped/>
  </testcase> <!-- @BeforeMethod browserlaunch -->
  <testcase classname="Testscript.TC6" name="@AfterMethod close" time="0.0">
    <skipped/>
  </testcase> <!-- @AfterMethod close -->
  <testcase classname="Testscript.TC7" name="@BeforeMethod browserlaunch" time="0.0">
    <skipped/>
  </testcase> <!-- @BeforeMethod browserlaunch -->
  <testcase classname="Testscript.TC7" name="@AfterMethod close" time="0.0">
    <skipped/>
  </testcase> <!-- @AfterMethod close -->
  <testcase classname="Testscript.TC8" name="@BeforeMethod browserlaunch" time="0.0">
    <skipped/>
  </testcase> <!-- @BeforeMethod browserlaunch -->
  <testcase classname="Testscript.TC8" name="@AfterMethod close" time="0.0">
    <skipped/>
  </testcase> <!-- @AfterMethod close -->
  <testcase classname="Testscript.TC9" name="@BeforeMethod browserlaunch" time="0.0">
    <skipped/>
  </testcase> <!-- @BeforeMethod browserlaunch -->
  <testcase classname="Testscript.TC9" name="@AfterMethod close" time="0.0">
    <skipped/>
  </testcase> <!-- @AfterMethod close -->
  <testcase classname="Testscript.TC11" name="@BeforeMethod browserlaunch" time="0.0">
    <skipped/>
  </testcase> <!-- @BeforeMethod browserlaunch -->
  <testcase classname="Testscript.TC11" name="@AfterMethod close" time="0.0">
    <skipped/>
  </testcase> <!-- @AfterMethod close -->
  <testcase classname="Testscript.TC12" name="@BeforeMethod browserlaunch" time="0.0">
    <skipped/>
  </testcase> <!-- @BeforeMethod browserlaunch -->
  <testcase classname="Testscript.TC12" name="@AfterMethod close" time="0.0">
    <skipped/>
  </testcase> <!-- @AfterMethod close -->
  <testcase classname="Testscript.TC13" name="@BeforeMethod browserlaunch" time="0.0">
    <skipped/>
  </testcase> <!-- @BeforeMethod browserlaunch -->
  <testcase classname="Testscript.TC13" name="@AfterMethod close" time="0.0">
    <skipped/>
  </testcase> <!-- @AfterMethod close -->
  <testcase classname="Testscript.TC14" name="@BeforeMethod browserlaunch" time="0.0">
    <skipped/>
  </testcase> <!-- @BeforeMethod browserlaunch -->
  <testcase classname="Testscript.TC14" name="@AfterMethod close" time="0.0">
    <skipped/>
  </testcase> <!-- @AfterMethod close -->
  <testcase classname="Testscript.TC15" name="@BeforeMethod browserlaunch" time="0.0">
    <skipped/>
  </testcase> <!-- @BeforeMethod browserlaunch -->
  <testcase classname="Testscript.TC15" name="@AfterMethod close" time="0.0">
    <skipped/>
  </testcase> <!-- @AfterMethod close -->
  <testcase classname="Testscript.TC16" name="@BeforeMethod browserlaunch" time="0.0">
    <skipped/>
  </testcase> <!-- @BeforeMethod browserlaunch -->
  <testcase classname="Testscript.TC16" name="@AfterMethod close" time="0.0">
    <skipped/>
  </testcase> <!-- @AfterMethod close -->
  <testcase classname="Testscript.TC17" name="@BeforeMethod browserlaunch" time="0.0">
    <skipped/>
  </testcase> <!-- @BeforeMethod browserlaunch -->
  <testcase classname="Testscript.TC17" name="@AfterMethod close" time="0.0">
    <skipped/>
  </testcase> <!-- @AfterMethod close -->
  <testcase classname="Testscript.TC18" name="@BeforeMethod browserlaunch" time="0.0">
    <skipped/>
  </testcase> <!-- @BeforeMethod browserlaunch -->
  <testcase classname="Testscript.TC18" name="@AfterMethod close" time="0.0">
    <skipped/>
  </testcase> <!-- @AfterMethod close -->
  <testcase classname="Testscript.TC19" name="@BeforeMethod browserlaunch" time="0.0">
    <skipped/>
  </testcase> <!-- @BeforeMethod browserlaunch -->
  <testcase classname="Testscript.TC19" name="@AfterMethod close" time="0.0">
    <skipped/>
  </testcase> <!-- @AfterMethod close -->
  <testcase classname="Testscript.TC20" name="@BeforeMethod browserlaunch" time="0.0">
    <skipped/>
  </testcase> <!-- @BeforeMethod browserlaunch -->
  <testcase classname="Testscript.TC20" name="@AfterMethod close" time="0.0">
    <skipped/>
  </testcase> <!-- @AfterMethod close -->
  <testcase classname="Testscript.TC21" name="@BeforeMethod browserlaunch" time="0.0">
    <skipped/>
  </testcase> <!-- @BeforeMethod browserlaunch -->
  <testcase classname="Testscript.TC21" name="@AfterMethod close" time="0.0">
    <skipped/>
  </testcase> <!-- @AfterMethod close -->
  <testcase classname="Testscript.TC22" name="@BeforeMethod browserlaunch" time="0.0">
    <skipped/>
  </testcase> <!-- @BeforeMethod browserlaunch -->
  <testcase classname="Testscript.TC22" name="@AfterMethod close" time="0.0">
    <skipped/>
  </testcase> <!-- @AfterMethod close -->
  <testcase classname="Testscript.TC23" name="@BeforeMethod browserlaunch" time="0.0">
    <skipped/>
  </testcase> <!-- @BeforeMethod browserlaunch -->
  <testcase classname="Testscript.TC23" name="@AfterMethod close" time="0.0">
    <skipped/>
  </testcase> <!-- @AfterMethod close -->
  <testcase classname="Testscript.TC1" name="signup_parent" time="0.0">
    <skipped/>
  </testcase> <!-- signup_parent -->
  <testcase classname="Testscript.TC2" name="sign_parent" time="0.0">
    <skipped/>
  </testcase> <!-- sign_parent -->
  <testcase classname="Testscript.TC3" name="signup_tutor" time="0.0">
    <skipped/>
  </testcase> <!-- signup_tutor -->
  <testcase classname="Testscript.TC4" name="signin_tutor" time="0.0">
    <skipped/>
  </testcase> <!-- signin_tutor -->
  <testcase classname="Testscript.TC5" name="forgotusername_parent" time="0.0">
    <skipped/>
  </testcase> <!-- forgotusername_parent -->
  <testcase classname="Testscript.TC6" name="forgotusername_tutor" time="0.0">
    <skipped/>
  </testcase> <!-- forgotusername_tutor -->
  <testcase classname="Testscript.TC7" name="forgotpassword_parent" time="0.0">
    <skipped/>
  </testcase> <!-- forgotpassword_parent -->
  <testcase classname="Testscript.TC8" name="forgotpassword_tutor" time="0.0">
    <skipped/>
  </testcase> <!-- forgotpassword_tutor -->
  <testcase classname="Testscript.TC9" name="signparent_invalidusernameenter_validpassword" time="0.0">
    <skipped/>
  </testcase> <!-- signparent_invalidusernameenter_validpassword -->
  <testcase classname="Testscript.TC11" name="signparent_invalidpassword_invalidusername" time="0.0">
    <skipped/>
  </testcase> <!-- signparent_invalidpassword_invalidusername -->
  <testcase classname="Testscript.TC12" name="forgotusername_parent_enterinvalidemail" time="0.0">
    <skipped/>
  </testcase> <!-- forgotusername_parent_enterinvalidemail -->
  <testcase classname="Testscript.TC13" name="forgotusernameparent_enterinvalidemail_format" time="0.0">
    <skipped/>
  </testcase> <!-- forgotusernameparent_enterinvalidemail_format -->
  <testcase classname="Testscript.TC14" name="forgotusernameparent_blankemailid" time="0.0">
    <skipped/>
  </testcase> <!-- forgotusernameparent_blankemailid -->
  <testcase classname="Testscript.TC15" name="forgotusernameparent_notregisteredemail" time="0.0">
    <skipped/>
  </testcase> <!-- forgotusernameparent_notregisteredemail -->
  <testcase classname="Testscript.TC16" name="forgotpassword_tutor_enternotregistered_emailid" time="0.0">
    <skipped/>
  </testcase> <!-- forgotpassword_tutor_enternotregistered_emailid -->
  <testcase classname="Testscript.TC17" name="forgotpassword_tutor_blankemailid" time="0.0">
    <skipped/>
  </testcase> <!-- forgotpassword_tutor_blankemailid -->
  <testcase classname="Testscript.TC18" name="forgotpassword_tutor_invalidemailformat" time="0.0">
    <skipped/>
  </testcase> <!-- forgotpassword_tutor_invalidemailformat -->
  <testcase classname="Testscript.TC19" name="signin_parent_leave_password_blank" time="0.0">
    <skipped/>
  </testcase> <!-- signin_parent_leave_password_blank -->
  <testcase classname="Testscript.TC20" name="signinparent_leaveusernameblank_leaveblankpassword" time="0.0">
    <skipped/>
  </testcase> <!-- signinparent_leaveusernameblank_leaveblankpassword -->
  <testcase classname="Testscript.TC21" name="signinparent_leave_username_blank" time="0.0">
    <skipped/>
  </testcase> <!-- signinparent_leave_username_blank -->
  <testcase classname="Testscript.TC22" name="signinparent_leaveusernameblank_leaveblankpassword" time="0.0">
    <skipped/>
  </testcase> <!-- signinparent_leaveusernameblank_leaveblankpassword -->
  <testcase classname="Testscript.TC23" name="Myprofile_parent" time="0.0">
    <skipped/>
  </testcase> <!-- Myprofile_parent -->
</testsuite> <!-- Command line test 6510d1fe-7068-4e64-855e-07f89e38cca4 -->
